INFO - 2024-02-02 22:49:19 --> Session: Class initialized using 'CodeIgniter\Session\Handlers\FileHandler' driver.
INFO - 2024-02-02 22:54:16 --> Session: Class initialized using 'CodeIgniter\Session\Handlers\FileHandler' driver.
INFO - 2024-02-02 22:54:18 --> Session: Class initialized using 'CodeIgniter\Session\Handlers\FileHandler' driver.
INFO - 2024-02-02 22:54:18 --> Session: Class initialized using 'CodeIgniter\Session\Handlers\FileHandler' driver.
INFO - 2024-02-02 22:54:19 --> Session: Class initialized using 'CodeIgniter\Session\Handlers\FileHandler' driver.
INFO - 2024-02-02 22:54:20 --> Session: Class initialized using 'CodeIgniter\Session\Handlers\FileHandler' driver.
INFO - 2024-02-02 22:54:47 --> Session: Class initialized using 'CodeIgniter\Session\Handlers\FileHandler' driver.
INFO - 2024-02-02 22:54:48 --> Session: Class initialized using 'CodeIgniter\Session\Handlers\FileHandler' driver.
INFO - 2024-02-02 22:54:48 --> Session: Class initialized using 'CodeIgniter\Session\Handlers\FileHandler' driver.
INFO - 2024-02-02 22:54:50 --> Session: Class initialized using 'CodeIgniter\Session\Handlers\FileHandler' driver.
INFO - 2024-02-02 22:56:07 --> Session: Class initialized using 'CodeIgniter\Session\Handlers\FileHandler' driver.
INFO - 2024-02-02 22:56:09 --> Session: Class initialized using 'CodeIgniter\Session\Handlers\FileHandler' driver.
INFO - 2024-02-02 22:56:09 --> Session: Class initialized using 'CodeIgniter\Session\Handlers\FileHandler' driver.
INFO - 2024-02-02 22:56:10 --> Session: Class initialized using 'CodeIgniter\Session\Handlers\FileHandler' driver.
INFO - 2024-02-02 22:56:11 --> Session: Class initialized using 'CodeIgniter\Session\Handlers\FileHandler' driver.
INFO - 2024-02-02 22:56:46 --> Session: Class initialized using 'CodeIgniter\Session\Handlers\FileHandler' driver.
INFO - 2024-02-02 22:57:09 --> Session: Class initialized using 'CodeIgniter\Session\Handlers\FileHandler' driver.
CRITICAL - 2024-02-02 22:57:09 --> Undefined variable $title
in APPPATH\Views\templates\head.php on line 6.
 1 APPPATH\Views\templates\head.php(6): CodeIgniter\Debug\Exceptions->errorHandler(2, 'Undefined variable $title', 'C:\\xampp\\htdocs\\absensi-sekolah\\app\\Views\\templates\\head.php', 6)
 2 SYSTEMPATH\View\View.php(228): include('C:\\xampp\\htdocs\\absensi-sekolah\\app\\Views\\templates\\head.php')
 3 SYSTEMPATH\View\View.php(231): CodeIgniter\View\View->CodeIgniter\View\{closure}()
 4 SYSTEMPATH\View\View.php(469): CodeIgniter\View\View->render('templates/head', null, true)
 5 APPPATH\Views\templates\admin_page_layout.php(4): CodeIgniter\View\View->include('templates/head')
 6 SYSTEMPATH\View\View.php(228): include('C:\\xampp\\htdocs\\absensi-sekolah\\app\\Views\\templates\\admin_page_layout.php')
 7 SYSTEMPATH\View\View.php(231): CodeIgniter\View\View->CodeIgniter\View\{closure}()
 8 SYSTEMPATH\View\View.php(244): CodeIgniter\View\View->render('templates/admin_page_layout', [], true)
 9 SYSTEMPATH\Common.php(1190): CodeIgniter\View\View->render('admin/jadwal/index', [], true)
10 APPPATH\Controllers\Admin\JadwalController.php(16): view('admin/jadwal/index')
11 SYSTEMPATH\CodeIgniter.php(942): App\Controllers\Admin\JadwalController->index()
12 SYSTEMPATH\CodeIgniter.php(502): CodeIgniter\CodeIgniter->runController(Object(App\Controllers\Admin\JadwalController))
13 SYSTEMPATH\CodeIgniter.php(361): CodeIgniter\CodeIgniter->handleRequest(null, Object(Config\Cache), false)
14 FCPATH\index.php(79): CodeIgniter\CodeIgniter->run()
15 SYSTEMPATH\Commands\Server\rewrite.php(47): require_once('C:\\xampp\\htdocs\\absensi-sekolah\\public\\index.php')
INFO - 2024-02-02 22:57:36 --> Session: Class initialized using 'CodeIgniter\Session\Handlers\FileHandler' driver.
INFO - 2024-02-02 22:57:37 --> Session: Class initialized using 'CodeIgniter\Session\Handlers\FileHandler' driver.
INFO - 2024-02-02 22:57:37 --> Session: Class initialized using 'CodeIgniter\Session\Handlers\FileHandler' driver.
INFO - 2024-02-02 22:57:44 --> Session: Class initialized using 'CodeIgniter\Session\Handlers\FileHandler' driver.
INFO - 2024-02-02 22:57:45 --> Session: Class initialized using 'CodeIgniter\Session\Handlers\FileHandler' driver.
INFO - 2024-02-02 22:57:45 --> Session: Class initialized using 'CodeIgniter\Session\Handlers\FileHandler' driver.
INFO - 2024-02-02 22:59:07 --> Session: Class initialized using 'CodeIgniter\Session\Handlers\FileHandler' driver.
INFO - 2024-02-02 22:59:08 --> Session: Class initialized using 'CodeIgniter\Session\Handlers\FileHandler' driver.
INFO - 2024-02-02 22:59:08 --> Session: Class initialized using 'CodeIgniter\Session\Handlers\FileHandler' driver.
INFO - 2024-02-02 22:59:10 --> Session: Class initialized using 'CodeIgniter\Session\Handlers\FileHandler' driver.
INFO - 2024-02-02 22:59:11 --> Session: Class initialized using 'CodeIgniter\Session\Handlers\FileHandler' driver.
INFO - 2024-02-02 22:59:11 --> Session: Class initialized using 'CodeIgniter\Session\Handlers\FileHandler' driver.
INFO - 2024-02-02 22:59:13 --> Session: Class initialized using 'CodeIgniter\Session\Handlers\FileHandler' driver.
INFO - 2024-02-02 22:59:13 --> Session: Class initialized using 'CodeIgniter\Session\Handlers\FileHandler' driver.
INFO - 2024-02-02 22:59:14 --> Session: Class initialized using 'CodeIgniter\Session\Handlers\FileHandler' driver.
INFO - 2024-02-02 22:59:16 --> Session: Class initialized using 'CodeIgniter\Session\Handlers\FileHandler' driver.
INFO - 2024-02-02 22:59:16 --> Session: Class initialized using 'CodeIgniter\Session\Handlers\FileHandler' driver.
INFO - 2024-02-02 22:59:17 --> Session: Class initialized using 'CodeIgniter\Session\Handlers\FileHandler' driver.
INFO - 2024-02-02 22:59:18 --> Session: Class initialized using 'CodeIgniter\Session\Handlers\FileHandler' driver.
INFO - 2024-02-02 22:59:19 --> Session: Class initialized using 'CodeIgniter\Session\Handlers\FileHandler' driver.
INFO - 2024-02-02 22:59:19 --> Session: Class initialized using 'CodeIgniter\Session\Handlers\FileHandler' driver.
INFO - 2024-02-02 22:59:23 --> Session: Class initialized using 'CodeIgniter\Session\Handlers\FileHandler' driver.
INFO - 2024-02-02 22:59:24 --> Session: Class initialized using 'CodeIgniter\Session\Handlers\FileHandler' driver.
INFO - 2024-02-02 22:59:24 --> Session: Class initialized using 'CodeIgniter\Session\Handlers\FileHandler' driver.
INFO - 2024-02-02 23:00:22 --> Session: Class initialized using 'CodeIgniter\Session\Handlers\FileHandler' driver.
INFO - 2024-02-02 23:00:22 --> Session: Class initialized using 'CodeIgniter\Session\Handlers\FileHandler' driver.
INFO - 2024-02-02 23:00:23 --> Session: Class initialized using 'CodeIgniter\Session\Handlers\FileHandler' driver.
INFO - 2024-02-02 23:01:56 --> Session: Class initialized using 'CodeIgniter\Session\Handlers\FileHandler' driver.
INFO - 2024-02-02 23:01:59 --> Session: Class initialized using 'CodeIgniter\Session\Handlers\FileHandler' driver.
INFO - 2024-02-02 23:01:59 --> Session: Class initialized using 'CodeIgniter\Session\Handlers\FileHandler' driver.
INFO - 2024-02-02 23:01:59 --> Session: Class initialized using 'CodeIgniter\Session\Handlers\FileHandler' driver.
INFO - 2024-02-02 23:02:00 --> Session: Class initialized using 'CodeIgniter\Session\Handlers\FileHandler' driver.
INFO - 2024-02-02 23:02:01 --> Session: Class initialized using 'CodeIgniter\Session\Handlers\FileHandler' driver.
INFO - 2024-02-02 23:02:01 --> Session: Class initialized using 'CodeIgniter\Session\Handlers\FileHandler' driver.
INFO - 2024-02-02 23:05:52 --> Session: Class initialized using 'CodeIgniter\Session\Handlers\FileHandler' driver.
INFO - 2024-02-02 23:05:53 --> Session: Class initialized using 'CodeIgniter\Session\Handlers\FileHandler' driver.
INFO - 2024-02-02 23:05:54 --> Session: Class initialized using 'CodeIgniter\Session\Handlers\FileHandler' driver.
INFO - 2024-02-02 23:08:40 --> Session: Class initialized using 'CodeIgniter\Session\Handlers\FileHandler' driver.
INFO - 2024-02-02 23:08:41 --> Session: Class initialized using 'CodeIgniter\Session\Handlers\FileHandler' driver.
INFO - 2024-02-02 23:08:41 --> Session: Class initialized using 'CodeIgniter\Session\Handlers\FileHandler' driver.
INFO - 2024-02-02 23:08:44 --> Session: Class initialized using 'CodeIgniter\Session\Handlers\FileHandler' driver.
INFO - 2024-02-02 23:08:48 --> Session: Class initialized using 'CodeIgniter\Session\Handlers\FileHandler' driver.
INFO - 2024-02-02 23:08:48 --> Session: Class initialized using 'CodeIgniter\Session\Handlers\FileHandler' driver.
INFO - 2024-02-02 23:08:49 --> Session: Class initialized using 'CodeIgniter\Session\Handlers\FileHandler' driver.
INFO - 2024-02-02 23:09:35 --> Session: Class initialized using 'CodeIgniter\Session\Handlers\FileHandler' driver.
INFO - 2024-02-02 23:09:35 --> Session: Class initialized using 'CodeIgniter\Session\Handlers\FileHandler' driver.
INFO - 2024-02-02 23:09:36 --> Session: Class initialized using 'CodeIgniter\Session\Handlers\FileHandler' driver.
INFO - 2024-02-02 23:10:30 --> Session: Class initialized using 'CodeIgniter\Session\Handlers\FileHandler' driver.
INFO - 2024-02-02 23:10:30 --> Session: Class initialized using 'CodeIgniter\Session\Handlers\FileHandler' driver.
INFO - 2024-02-02 23:10:31 --> Session: Class initialized using 'CodeIgniter\Session\Handlers\FileHandler' driver.
INFO - 2024-02-02 23:10:48 --> Session: Class initialized using 'CodeIgniter\Session\Handlers\FileHandler' driver.
INFO - 2024-02-02 23:10:48 --> Session: Class initialized using 'CodeIgniter\Session\Handlers\FileHandler' driver.
INFO - 2024-02-02 23:10:49 --> Session: Class initialized using 'CodeIgniter\Session\Handlers\FileHandler' driver.
INFO - 2024-02-02 23:10:50 --> Session: Class initialized using 'CodeIgniter\Session\Handlers\FileHandler' driver.
INFO - 2024-02-02 23:10:51 --> Session: Class initialized using 'CodeIgniter\Session\Handlers\FileHandler' driver.
INFO - 2024-02-02 23:10:51 --> Session: Class initialized using 'CodeIgniter\Session\Handlers\FileHandler' driver.
INFO - 2024-02-02 23:13:43 --> Session: Class initialized using 'CodeIgniter\Session\Handlers\FileHandler' driver.
INFO - 2024-02-02 23:13:44 --> Session: Class initialized using 'CodeIgniter\Session\Handlers\FileHandler' driver.
INFO - 2024-02-02 23:13:44 --> Session: Class initialized using 'CodeIgniter\Session\Handlers\FileHandler' driver.
INFO - 2024-02-02 23:14:49 --> Session: Class initialized using 'CodeIgniter\Session\Handlers\FileHandler' driver.
INFO - 2024-02-02 23:14:49 --> Session: Class initialized using 'CodeIgniter\Session\Handlers\FileHandler' driver.
INFO - 2024-02-02 23:14:49 --> Session: Class initialized using 'CodeIgniter\Session\Handlers\FileHandler' driver.
INFO - 2024-02-02 23:22:48 --> Session: Class initialized using 'CodeIgniter\Session\Handlers\FileHandler' driver.
INFO - 2024-02-02 23:22:48 --> Session: Class initialized using 'CodeIgniter\Session\Handlers\FileHandler' driver.
INFO - 2024-02-02 23:22:48 --> Session: Class initialized using 'CodeIgniter\Session\Handlers\FileHandler' driver.
INFO - 2024-02-02 23:22:51 --> Session: Class initialized using 'CodeIgniter\Session\Handlers\FileHandler' driver.
INFO - 2024-02-02 23:22:51 --> Session: Class initialized using 'CodeIgniter\Session\Handlers\FileHandler' driver.
INFO - 2024-02-02 23:22:52 --> Session: Class initialized using 'CodeIgniter\Session\Handlers\FileHandler' driver.
ERROR - 2024-02-02 23:50:17 --> mysqli_sql_exception: Invalid default value for 'created_at' in C:\xampp\htdocs\absensi-sekolah\vendor\codeigniter4\framework\system\Database\MySQLi\Connection.php:306
Stack trace:
#0 C:\xampp\htdocs\absensi-sekolah\vendor\codeigniter4\framework\system\Database\MySQLi\Connection.php(306): mysqli->query('CREATE TABLE `t...', 0)
#1 C:\xampp\htdocs\absensi-sekolah\vendor\codeigniter4\framework\system\Database\BaseConnection.php(693): CodeIgniter\Database\MySQLi\Connection->execute('CREATE TABLE `t...')
#2 C:\xampp\htdocs\absensi-sekolah\vendor\codeigniter4\framework\system\Database\BaseConnection.php(607): CodeIgniter\Database\BaseConnection->simpleQuery('CREATE TABLE `t...')
#3 C:\xampp\htdocs\absensi-sekolah\vendor\codeigniter4\framework\system\Database\Forge.php(546): CodeIgniter\Database\BaseConnection->query('CREATE TABLE `t...')
#4 C:\xampp\htdocs\absensi-sekolah\app\Database\Migrations\2024-02-02-162342_JadwalModel.php(68): CodeIgniter\Database\Forge->createTable('tb_jadwal', true)
#5 C:\xampp\htdocs\absensi-sekolah\vendor\codeigniter4\framework\system\Database\MigrationRunner.php(873): App\Database\Migrations\JadwalModel->up()
#6 C:\xampp\htdocs\absensi-sekolah\vendor\codeigniter4\framework\system\Database\MigrationRunner.php(188): CodeIgniter\Database\MigrationRunner->migrate('up', Object(stdClass))
#7 C:\xampp\htdocs\absensi-sekolah\vendor\codeigniter4\framework\system\Commands\Database\Migrate.php(84): CodeIgniter\Database\MigrationRunner->latest(NULL)
#8 C:\xampp\htdocs\absensi-sekolah\vendor\codeigniter4\framework\system\CLI\Commands.php(65): CodeIgniter\Commands\Database\Migrate->run(Array)
#9 C:\xampp\htdocs\absensi-sekolah\vendor\codeigniter4\framework\system\CLI\Console.php(46): CodeIgniter\CLI\Commands->run('migrate', Array)
#10 C:\xampp\htdocs\absensi-sekolah\spark(102): CodeIgniter\CLI\Console->run()
#11 {main}
ERROR - 2024-02-02 23:51:06 --> mysqli_sql_exception: Can't create table `db_absensi`.`tb_jadwal` (errno: 150 "Foreign key constraint is incorrectly formed") in C:\xampp\htdocs\absensi-sekolah\vendor\codeigniter4\framework\system\Database\MySQLi\Connection.php:306
Stack trace:
#0 C:\xampp\htdocs\absensi-sekolah\vendor\codeigniter4\framework\system\Database\MySQLi\Connection.php(306): mysqli->query('CREATE TABLE `t...', 0)
#1 C:\xampp\htdocs\absensi-sekolah\vendor\codeigniter4\framework\system\Database\BaseConnection.php(693): CodeIgniter\Database\MySQLi\Connection->execute('CREATE TABLE `t...')
#2 C:\xampp\htdocs\absensi-sekolah\vendor\codeigniter4\framework\system\Database\BaseConnection.php(607): CodeIgniter\Database\BaseConnection->simpleQuery('CREATE TABLE `t...')
#3 C:\xampp\htdocs\absensi-sekolah\vendor\codeigniter4\framework\system\Database\Forge.php(546): CodeIgniter\Database\BaseConnection->query('CREATE TABLE `t...')
#4 C:\xampp\htdocs\absensi-sekolah\app\Database\Migrations\2024-02-02-162342_JadwalModel.php(57): CodeIgniter\Database\Forge->createTable('tb_jadwal', true)
#5 C:\xampp\htdocs\absensi-sekolah\vendor\codeigniter4\framework\system\Database\MigrationRunner.php(873): App\Database\Migrations\JadwalModel->up()
#6 C:\xampp\htdocs\absensi-sekolah\vendor\codeigniter4\framework\system\Database\MigrationRunner.php(188): CodeIgniter\Database\MigrationRunner->migrate('up', Object(stdClass))
#7 C:\xampp\htdocs\absensi-sekolah\vendor\codeigniter4\framework\system\Commands\Database\Migrate.php(84): CodeIgniter\Database\MigrationRunner->latest(NULL)
#8 C:\xampp\htdocs\absensi-sekolah\vendor\codeigniter4\framework\system\CLI\Commands.php(65): CodeIgniter\Commands\Database\Migrate->run(Array)
#9 C:\xampp\htdocs\absensi-sekolah\vendor\codeigniter4\framework\system\CLI\Console.php(46): CodeIgniter\CLI\Commands->run('migrate', Array)
#10 C:\xampp\htdocs\absensi-sekolah\spark(102): CodeIgniter\CLI\Console->run()
#11 {main}
ERROR - 2024-02-02 23:55:15 --> mysqli_sql_exception: Invalid default value for 'created_at' in C:\xampp\htdocs\absensi-sekolah\vendor\codeigniter4\framework\system\Database\MySQLi\Connection.php:306
Stack trace:
#0 C:\xampp\htdocs\absensi-sekolah\vendor\codeigniter4\framework\system\Database\MySQLi\Connection.php(306): mysqli->query('CREATE TABLE `t...', 0)
#1 C:\xampp\htdocs\absensi-sekolah\vendor\codeigniter4\framework\system\Database\BaseConnection.php(693): CodeIgniter\Database\MySQLi\Connection->execute('CREATE TABLE `t...')
#2 C:\xampp\htdocs\absensi-sekolah\vendor\codeigniter4\framework\system\Database\BaseConnection.php(607): CodeIgniter\Database\BaseConnection->simpleQuery('CREATE TABLE `t...')
#3 C:\xampp\htdocs\absensi-sekolah\vendor\codeigniter4\framework\system\Database\Forge.php(546): CodeIgniter\Database\BaseConnection->query('CREATE TABLE `t...')
#4 C:\xampp\htdocs\absensi-sekolah\app\Database\Migrations\2024-02-02-164705_MatpelModel.php(39): CodeIgniter\Database\Forge->createTable('tb_matpel', true)
#5 C:\xampp\htdocs\absensi-sekolah\vendor\codeigniter4\framework\system\Database\MigrationRunner.php(873): App\Database\Migrations\MatpelModel->up()
#6 C:\xampp\htdocs\absensi-sekolah\vendor\codeigniter4\framework\system\Database\MigrationRunner.php(188): CodeIgniter\Database\MigrationRunner->migrate('up', Object(stdClass))
#7 C:\xampp\htdocs\absensi-sekolah\vendor\codeigniter4\framework\system\Commands\Database\Migrate.php(84): CodeIgniter\Database\MigrationRunner->latest(NULL)
#8 C:\xampp\htdocs\absensi-sekolah\vendor\codeigniter4\framework\system\CLI\Commands.php(65): CodeIgniter\Commands\Database\Migrate->run(Array)
#9 C:\xampp\htdocs\absensi-sekolah\vendor\codeigniter4\framework\system\CLI\Console.php(46): CodeIgniter\CLI\Commands->run('migrate', Array)
#10 C:\xampp\htdocs\absensi-sekolah\spark(102): CodeIgniter\CLI\Console->run()
#11 {main}
ERROR - 2024-02-02 23:55:45 --> mysqli_sql_exception: Invalid default value for 'created_at' in C:\xampp\htdocs\absensi-sekolah\vendor\codeigniter4\framework\system\Database\MySQLi\Connection.php:306
Stack trace:
#0 C:\xampp\htdocs\absensi-sekolah\vendor\codeigniter4\framework\system\Database\MySQLi\Connection.php(306): mysqli->query('CREATE TABLE `t...', 0)
#1 C:\xampp\htdocs\absensi-sekolah\vendor\codeigniter4\framework\system\Database\BaseConnection.php(693): CodeIgniter\Database\MySQLi\Connection->execute('CREATE TABLE `t...')
#2 C:\xampp\htdocs\absensi-sekolah\vendor\codeigniter4\framework\system\Database\BaseConnection.php(607): CodeIgniter\Database\BaseConnection->simpleQuery('CREATE TABLE `t...')
#3 C:\xampp\htdocs\absensi-sekolah\vendor\codeigniter4\framework\system\Database\Forge.php(546): CodeIgniter\Database\BaseConnection->query('CREATE TABLE `t...')
#4 C:\xampp\htdocs\absensi-sekolah\app\Database\Migrations\2024-02-02-164705_MatpelModel.php(39): CodeIgniter\Database\Forge->createTable('tb_matpel', true)
#5 C:\xampp\htdocs\absensi-sekolah\vendor\codeigniter4\framework\system\Database\MigrationRunner.php(873): App\Database\Migrations\MatpelModel->up()
#6 C:\xampp\htdocs\absensi-sekolah\vendor\codeigniter4\framework\system\Database\MigrationRunner.php(188): CodeIgniter\Database\MigrationRunner->migrate('up', Object(stdClass))
#7 C:\xampp\htdocs\absensi-sekolah\vendor\codeigniter4\framework\system\Commands\Database\Migrate.php(84): CodeIgniter\Database\MigrationRunner->latest(NULL)
#8 C:\xampp\htdocs\absensi-sekolah\vendor\codeigniter4\framework\system\CLI\Commands.php(65): CodeIgniter\Commands\Database\Migrate->run(Array)
#9 C:\xampp\htdocs\absensi-sekolah\vendor\codeigniter4\framework\system\CLI\Console.php(46): CodeIgniter\CLI\Commands->run('migrate', Array)
#10 C:\xampp\htdocs\absensi-sekolah\spark(102): CodeIgniter\CLI\Console->run()
#11 {main}
ERROR - 2024-02-02 23:57:16 --> mysqli_sql_exception: Invalid default value for 'created_at' in C:\xampp\htdocs\absensi-sekolah\vendor\codeigniter4\framework\system\Database\MySQLi\Connection.php:306
Stack trace:
#0 C:\xampp\htdocs\absensi-sekolah\vendor\codeigniter4\framework\system\Database\MySQLi\Connection.php(306): mysqli->query('CREATE TABLE `t...', 0)
#1 C:\xampp\htdocs\absensi-sekolah\vendor\codeigniter4\framework\system\Database\BaseConnection.php(693): CodeIgniter\Database\MySQLi\Connection->execute('CREATE TABLE `t...')
#2 C:\xampp\htdocs\absensi-sekolah\vendor\codeigniter4\framework\system\Database\BaseConnection.php(607): CodeIgniter\Database\BaseConnection->simpleQuery('CREATE TABLE `t...')
#3 C:\xampp\htdocs\absensi-sekolah\vendor\codeigniter4\framework\system\Database\Forge.php(546): CodeIgniter\Database\BaseConnection->query('CREATE TABLE `t...')
#4 C:\xampp\htdocs\absensi-sekolah\app\Database\Migrations\2024-02-02-164705_MatpelModel.php(39): CodeIgniter\Database\Forge->createTable('tb_matpel', true)
#5 C:\xampp\htdocs\absensi-sekolah\vendor\codeigniter4\framework\system\Database\MigrationRunner.php(873): App\Database\Migrations\MatpelModel->up()
#6 C:\xampp\htdocs\absensi-sekolah\vendor\codeigniter4\framework\system\Database\MigrationRunner.php(188): CodeIgniter\Database\MigrationRunner->migrate('up', Object(stdClass))
#7 C:\xampp\htdocs\absensi-sekolah\vendor\codeigniter4\framework\system\Commands\Database\Migrate.php(84): CodeIgniter\Database\MigrationRunner->latest(NULL)
#8 C:\xampp\htdocs\absensi-sekolah\vendor\codeigniter4\framework\system\CLI\Commands.php(65): CodeIgniter\Commands\Database\Migrate->run(Array)
#9 C:\xampp\htdocs\absensi-sekolah\vendor\codeigniter4\framework\system\CLI\Console.php(46): CodeIgniter\CLI\Commands->run('migrate', Array)
#10 C:\xampp\htdocs\absensi-sekolah\spark(102): CodeIgniter\CLI\Console->run()
#11 {main}
ERROR - 2024-02-02 23:59:02 --> mysqli_sql_exception: Invalid default value for 'created_at' in C:\xampp\htdocs\absensi-sekolah\vendor\codeigniter4\framework\system\Database\MySQLi\Connection.php:306
Stack trace:
#0 C:\xampp\htdocs\absensi-sekolah\vendor\codeigniter4\framework\system\Database\MySQLi\Connection.php(306): mysqli->query('CREATE TABLE `t...', 0)
#1 C:\xampp\htdocs\absensi-sekolah\vendor\codeigniter4\framework\system\Database\BaseConnection.php(693): CodeIgniter\Database\MySQLi\Connection->execute('CREATE TABLE `t...')
#2 C:\xampp\htdocs\absensi-sekolah\vendor\codeigniter4\framework\system\Database\BaseConnection.php(607): CodeIgniter\Database\BaseConnection->simpleQuery('CREATE TABLE `t...')
#3 C:\xampp\htdocs\absensi-sekolah\vendor\codeigniter4\framework\system\Database\Forge.php(546): CodeIgniter\Database\BaseConnection->query('CREATE TABLE `t...')
#4 C:\xampp\htdocs\absensi-sekolah\app\Database\Migrations\2024-02-02-164705_MatpelModel.php(39): CodeIgniter\Database\Forge->createTable('tb_matpel', true)
#5 C:\xampp\htdocs\absensi-sekolah\vendor\codeigniter4\framework\system\Database\MigrationRunner.php(873): App\Database\Migrations\MatpelModel->up()
#6 C:\xampp\htdocs\absensi-sekolah\vendor\codeigniter4\framework\system\Database\MigrationRunner.php(188): CodeIgniter\Database\MigrationRunner->migrate('up', Object(stdClass))
#7 C:\xampp\htdocs\absensi-sekolah\vendor\codeigniter4\framework\system\Commands\Database\Migrate.php(84): CodeIgniter\Database\MigrationRunner->latest(NULL)
#8 C:\xampp\htdocs\absensi-sekolah\vendor\codeigniter4\framework\system\CLI\Commands.php(65): CodeIgniter\Commands\Database\Migrate->run(Array)
#9 C:\xampp\htdocs\absensi-sekolah\vendor\codeigniter4\framework\system\CLI\Console.php(46): CodeIgniter\CLI\Commands->run('migrate', Array)
#10 C:\xampp\htdocs\absensi-sekolah\spark(102): CodeIgniter\CLI\Console->run()
#11 {main}
ERROR - 2024-02-02 23:59:40 --> mysqli_sql_exception: Invalid default value for 'updated_at' in C:\xampp\htdocs\absensi-sekolah\vendor\codeigniter4\framework\system\Database\MySQLi\Connection.php:306
Stack trace:
#0 C:\xampp\htdocs\absensi-sekolah\vendor\codeigniter4\framework\system\Database\MySQLi\Connection.php(306): mysqli->query('CREATE TABLE `t...', 0)
#1 C:\xampp\htdocs\absensi-sekolah\vendor\codeigniter4\framework\system\Database\BaseConnection.php(693): CodeIgniter\Database\MySQLi\Connection->execute('CREATE TABLE `t...')
#2 C:\xampp\htdocs\absensi-sekolah\vendor\codeigniter4\framework\system\Database\BaseConnection.php(607): CodeIgniter\Database\BaseConnection->simpleQuery('CREATE TABLE `t...')
#3 C:\xampp\htdocs\absensi-sekolah\vendor\codeigniter4\framework\system\Database\Forge.php(546): CodeIgniter\Database\BaseConnection->query('CREATE TABLE `t...')
#4 C:\xampp\htdocs\absensi-sekolah\app\Database\Migrations\2024-02-02-164705_MatpelModel.php(38): CodeIgniter\Database\Forge->createTable('tb_matpel', true)
#5 C:\xampp\htdocs\absensi-sekolah\vendor\codeigniter4\framework\system\Database\MigrationRunner.php(873): App\Database\Migrations\MatpelModel->up()
#6 C:\xampp\htdocs\absensi-sekolah\vendor\codeigniter4\framework\system\Database\MigrationRunner.php(188): CodeIgniter\Database\MigrationRunner->migrate('up', Object(stdClass))
#7 C:\xampp\htdocs\absensi-sekolah\vendor\codeigniter4\framework\system\Commands\Database\Migrate.php(84): CodeIgniter\Database\MigrationRunner->latest(NULL)
#8 C:\xampp\htdocs\absensi-sekolah\vendor\codeigniter4\framework\system\CLI\Commands.php(65): CodeIgniter\Commands\Database\Migrate->run(Array)
#9 C:\xampp\htdocs\absensi-sekolah\vendor\codeigniter4\framework\system\CLI\Console.php(46): CodeIgniter\CLI\Commands->run('migrate', Array)
#10 C:\xampp\htdocs\absensi-sekolah\spark(102): CodeIgniter\CLI\Console->run()
#11 {main}
